<?xml version="1.0" encoding="UTF-8"?>
<testsuite xmlns:xsi="http://www.w3.org/2001/XMLSchema-instance" xsi:noNamespaceSchemaLocation="https://maven.apache.org/surefire/maven-surefire-plugin/xsd/surefire-test-report.xsd" version="3.0.1" name="buddyrental_testing.cucumberTestRunner" time="17.528" tests="4" errors="0" skipped="0" failures="0">
  <properties>
    <property name="java.specification.version" value="19"/>
    <property name="sun.cpu.isalist" value="amd64"/>
    <property name="sun.jnu.encoding" value="Cp1252"/>
    <property name="java.class.path" value="E:\CP\SE II\buddyrental-testing\target\test-classes;E:\CP\SE II\buddyrental-testing\target\classes;C:\Users\month\.m2\repository\io\rest-assured\rest-assured\5.3.0\rest-assured-5.3.0.jar;C:\Users\month\.m2\repository\org\apache\groovy\groovy\4.0.6\groovy-4.0.6.jar;C:\Users\month\.m2\repository\org\apache\groovy\groovy-xml\4.0.6\groovy-xml-4.0.6.jar;C:\Users\month\.m2\repository\org\apache\httpcomponents\httpclient\4.5.13\httpclient-4.5.13.jar;C:\Users\month\.m2\repository\org\apache\httpcomponents\httpcore\4.4.13\httpcore-4.4.13.jar;C:\Users\month\.m2\repository\commons-logging\commons-logging\1.2\commons-logging-1.2.jar;C:\Users\month\.m2\repository\commons-codec\commons-codec\1.11\commons-codec-1.11.jar;C:\Users\month\.m2\repository\org\apache\httpcomponents\httpmime\4.5.13\httpmime-4.5.13.jar;C:\Users\month\.m2\repository\org\hamcrest\hamcrest\2.1\hamcrest-2.1.jar;C:\Users\month\.m2\repository\org\ccil\cowan\tagsoup\tagsoup\1.2.1\tagsoup-1.2.1.jar;C:\Users\month\.m2\repository\io\rest-assured\xml-path\5.3.0\xml-path-5.3.0.jar;C:\Users\month\.m2\repository\org\apache\commons\commons-lang3\3.11\commons-lang3-3.11.jar;C:\Users\month\.m2\repository\io\rest-assured\json-path\5.3.0\json-path-5.3.0.jar;C:\Users\month\.m2\repository\org\apache\groovy\groovy-json\4.0.6\groovy-json-4.0.6.jar;C:\Users\month\.m2\repository\io\rest-assured\rest-assured-common\5.3.0\rest-assured-common-5.3.0.jar;C:\Users\month\.m2\repository\org\assertj\assertj-core\3.24.2\assertj-core-3.24.2.jar;C:\Users\month\.m2\repository\net\bytebuddy\byte-buddy\1.12.21\byte-buddy-1.12.21.jar;C:\Users\month\.m2\repository\io\cucumber\cucumber-java\7.14.0\cucumber-java-7.14.0.jar;C:\Users\month\.m2\repository\io\cucumber\cucumber-core\7.14.0\cucumber-core-7.14.0.jar;C:\Users\month\.m2\repository\io\cucumber\cucumber-gherkin\7.14.0\cucumber-gherkin-7.14.0.jar;C:\Users\month\.m2\repository\io\cucumber\cucumber-gherkin-messages\7.14.0\cucumber-gherkin-messages-7.14.0.jar;C:\Users\month\.m2\repository\io\cucumber\gherkin\26.2.0\gherkin-26.2.0.jar;C:\Users\month\.m2\repository\io\cucumber\messages\22.0.0\messages-22.0.0.jar;C:\Users\month\.m2\repository\io\cucumber\tag-expressions\5.0.6\tag-expressions-5.0.6.jar;C:\Users\month\.m2\repository\io\cucumber\cucumber-expressions\16.1.2\cucumber-expressions-16.1.2.jar;C:\Users\month\.m2\repository\io\cucumber\datatable\7.14.0\datatable-7.14.0.jar;C:\Users\month\.m2\repository\io\cucumber\cucumber-plugin\7.14.0\cucumber-plugin-7.14.0.jar;C:\Users\month\.m2\repository\io\cucumber\docstring\7.14.0\docstring-7.14.0.jar;C:\Users\month\.m2\repository\io\cucumber\html-formatter\20.4.0\html-formatter-20.4.0.jar;C:\Users\month\.m2\repository\io\cucumber\junit-xml-formatter\0.2.0\junit-xml-formatter-0.2.0.jar;C:\Users\month\.m2\repository\io\cucumber\ci-environment\9.2.0\ci-environment-9.2.0.jar;C:\Users\month\.m2\repository\org\apiguardian\apiguardian-api\1.1.2\apiguardian-api-1.1.2.jar;C:\Users\month\.m2\repository\io\cucumber\cucumber-junit\7.14.0\cucumber-junit-7.14.0.jar;C:\Users\month\.m2\repository\junit\junit\4.13.2\junit-4.13.2.jar;C:\Users\month\.m2\repository\org\hamcrest\hamcrest-core\1.3\hamcrest-core-1.3.jar;C:\Users\month\.m2\repository\org\junit\jupiter\junit-jupiter-api\5.11.0\junit-jupiter-api-5.11.0.jar;C:\Users\month\.m2\repository\org\opentest4j\opentest4j\1.3.0\opentest4j-1.3.0.jar;C:\Users\month\.m2\repository\org\junit\platform\junit-platform-commons\1.11.0\junit-platform-commons-1.11.0.jar;C:\Users\month\.m2\repository\org\junit\jupiter\junit-jupiter-params\5.11.0\junit-jupiter-params-5.11.0.jar;C:\Users\month\.m2\repository\com\fasterxml\jackson\core\jackson-databind\2.15.2\jackson-databind-2.15.2.jar;C:\Users\month\.m2\repository\com\fasterxml\jackson\core\jackson-annotations\2.15.2\jackson-annotations-2.15.2.jar;C:\Users\month\.m2\repository\com\fasterxml\jackson\core\jackson-core\2.15.2\jackson-core-2.15.2.jar;"/>
    <property name="java.vm.vendor" value="Oracle Corporation"/>
    <property name="sun.arch.data.model" value="64"/>
    <property name="user.variant" value=""/>
    <property name="java.vendor.url" value="https://java.oracle.com/"/>
    <property name="user.timezone" value="Asia/Bangkok"/>
    <property name="os.name" value="Windows 11"/>
    <property name="java.vm.specification.version" value="19"/>
    <property name="sun.java.launcher" value="SUN_STANDARD"/>
    <property name="user.country" value="US"/>
    <property name="sun.boot.library.path" value="C:\Program Files\Java\jdk-19\bin"/>
    <property name="sun.java.command" value="C:\Users\month\AppData\Local\Temp\surefire18307948848271211481\surefirebooter-20250220232440673_3.jar C:\Users\month\AppData\Local\Temp\surefire18307948848271211481 2025-02-20T23-24-40_262-jvmRun1 surefire-20250220232440673_1tmp surefire_0-20250220232440673_2tmp"/>
    <property name="jdk.debug" value="release"/>
    <property name="test" value="cucumberTestRunner"/>
    <property name="surefire.test.class.path" value="E:\CP\SE II\buddyrental-testing\target\test-classes;E:\CP\SE II\buddyrental-testing\target\classes;C:\Users\month\.m2\repository\io\rest-assured\rest-assured\5.3.0\rest-assured-5.3.0.jar;C:\Users\month\.m2\repository\org\apache\groovy\groovy\4.0.6\groovy-4.0.6.jar;C:\Users\month\.m2\repository\org\apache\groovy\groovy-xml\4.0.6\groovy-xml-4.0.6.jar;C:\Users\month\.m2\repository\org\apache\httpcomponents\httpclient\4.5.13\httpclient-4.5.13.jar;C:\Users\month\.m2\repository\org\apache\httpcomponents\httpcore\4.4.13\httpcore-4.4.13.jar;C:\Users\month\.m2\repository\commons-logging\commons-logging\1.2\commons-logging-1.2.jar;C:\Users\month\.m2\repository\commons-codec\commons-codec\1.11\commons-codec-1.11.jar;C:\Users\month\.m2\repository\org\apache\httpcomponents\httpmime\4.5.13\httpmime-4.5.13.jar;C:\Users\month\.m2\repository\org\hamcrest\hamcrest\2.1\hamcrest-2.1.jar;C:\Users\month\.m2\repository\org\ccil\cowan\tagsoup\tagsoup\1.2.1\tagsoup-1.2.1.jar;C:\Users\month\.m2\repository\io\rest-assured\xml-path\5.3.0\xml-path-5.3.0.jar;C:\Users\month\.m2\repository\org\apache\commons\commons-lang3\3.11\commons-lang3-3.11.jar;C:\Users\month\.m2\repository\io\rest-assured\json-path\5.3.0\json-path-5.3.0.jar;C:\Users\month\.m2\repository\org\apache\groovy\groovy-json\4.0.6\groovy-json-4.0.6.jar;C:\Users\month\.m2\repository\io\rest-assured\rest-assured-common\5.3.0\rest-assured-common-5.3.0.jar;C:\Users\month\.m2\repository\org\assertj\assertj-core\3.24.2\assertj-core-3.24.2.jar;C:\Users\month\.m2\repository\net\bytebuddy\byte-buddy\1.12.21\byte-buddy-1.12.21.jar;C:\Users\month\.m2\repository\io\cucumber\cucumber-java\7.14.0\cucumber-java-7.14.0.jar;C:\Users\month\.m2\repository\io\cucumber\cucumber-core\7.14.0\cucumber-core-7.14.0.jar;C:\Users\month\.m2\repository\io\cucumber\cucumber-gherkin\7.14.0\cucumber-gherkin-7.14.0.jar;C:\Users\month\.m2\repository\io\cucumber\cucumber-gherkin-messages\7.14.0\cucumber-gherkin-messages-7.14.0.jar;C:\Users\month\.m2\repository\io\cucumber\gherkin\26.2.0\gherkin-26.2.0.jar;C:\Users\month\.m2\repository\io\cucumber\messages\22.0.0\messages-22.0.0.jar;C:\Users\month\.m2\repository\io\cucumber\tag-expressions\5.0.6\tag-expressions-5.0.6.jar;C:\Users\month\.m2\repository\io\cucumber\cucumber-expressions\16.1.2\cucumber-expressions-16.1.2.jar;C:\Users\month\.m2\repository\io\cucumber\datatable\7.14.0\datatable-7.14.0.jar;C:\Users\month\.m2\repository\io\cucumber\cucumber-plugin\7.14.0\cucumber-plugin-7.14.0.jar;C:\Users\month\.m2\repository\io\cucumber\docstring\7.14.0\docstring-7.14.0.jar;C:\Users\month\.m2\repository\io\cucumber\html-formatter\20.4.0\html-formatter-20.4.0.jar;C:\Users\month\.m2\repository\io\cucumber\junit-xml-formatter\0.2.0\junit-xml-formatter-0.2.0.jar;C:\Users\month\.m2\repository\io\cucumber\ci-environment\9.2.0\ci-environment-9.2.0.jar;C:\Users\month\.m2\repository\org\apiguardian\apiguardian-api\1.1.2\apiguardian-api-1.1.2.jar;C:\Users\month\.m2\repository\io\cucumber\cucumber-junit\7.14.0\cucumber-junit-7.14.0.jar;C:\Users\month\.m2\repository\junit\junit\4.13.2\junit-4.13.2.jar;C:\Users\month\.m2\repository\org\hamcrest\hamcrest-core\1.3\hamcrest-core-1.3.jar;C:\Users\month\.m2\repository\org\junit\jupiter\junit-jupiter-api\5.11.0\junit-jupiter-api-5.11.0.jar;C:\Users\month\.m2\repository\org\opentest4j\opentest4j\1.3.0\opentest4j-1.3.0.jar;C:\Users\month\.m2\repository\org\junit\platform\junit-platform-commons\1.11.0\junit-platform-commons-1.11.0.jar;C:\Users\month\.m2\repository\org\junit\jupiter\junit-jupiter-params\5.11.0\junit-jupiter-params-5.11.0.jar;C:\Users\month\.m2\repository\com\fasterxml\jackson\core\jackson-databind\2.15.2\jackson-databind-2.15.2.jar;C:\Users\month\.m2\repository\com\fasterxml\jackson\core\jackson-annotations\2.15.2\jackson-annotations-2.15.2.jar;C:\Users\month\.m2\repository\com\fasterxml\jackson\core\jackson-core\2.15.2\jackson-core-2.15.2.jar;"/>
    <property name="sun.cpu.endian" value="little"/>
    <property name="user.home" value="C:\Users\month"/>
    <property name="user.language" value="en"/>
    <property name="java.specification.vendor" value="Oracle Corporation"/>
    <property name="java.version.date" value="2022-10-18"/>
    <property name="java.home" value="C:\Program Files\Java\jdk-19"/>
    <property name="file.separator" value="\"/>
    <property name="basedir" value="E:\CP\SE II\buddyrental-testing"/>
    <property name="java.vm.compressedOopsMode" value="32-bit"/>
    <property name="line.separator" value="&#10;"/>
    <property name="java.vm.specification.vendor" value="Oracle Corporation"/>
    <property name="java.specification.name" value="Java Platform API Specification"/>
    <property name="surefire.real.class.path" value="C:\Users\month\AppData\Local\Temp\surefire18307948848271211481\surefirebooter-20250220232440673_3.jar"/>
    <property name="user.script" value=""/>
    <property name="sun.management.compiler" value="HotSpot 64-Bit Tiered Compilers"/>
    <property name="java.runtime.version" value="19.0.1+10-21"/>
    <property name="user.name" value="month"/>
    <property name="stdout.encoding" value="Cp1252"/>
    <property name="path.separator" value=";"/>
    <property name="os.version" value="10.0"/>
    <property name="java.runtime.name" value="Java(TM) SE Runtime Environment"/>
    <property name="file.encoding" value="UTF-8"/>
    <property name="java.vm.name" value="Java HotSpot(TM) 64-Bit Server VM"/>
    <property name="localRepository" value="C:\Users\month\.m2\repository"/>
    <property name="java.vendor.url.bug" value="https://bugreport.java.com/bugreport/"/>
    <property name="java.io.tmpdir" value="C:\Users\month\AppData\Local\Temp\"/>
    <property name="java.version" value="19.0.1"/>
    <property name="user.dir" value="E:\CP\SE II\buddyrental-testing"/>
    <property name="os.arch" value="amd64"/>
    <property name="java.vm.specification.name" value="Java Virtual Machine Specification"/>
    <property name="sun.os.patch.level" value=""/>
    <property name="native.encoding" value="Cp1252"/>
    <property name="java.library.path" value="C:\Program Files\Java\jdk-19\bin;C:\WINDOWS\Sun\Java\bin;C:\WINDOWS\system32;C:\WINDOWS;C:\Program Files\Common Files\Oracle\Java\javapath;C:\Program Files (x86)\Common Files\Oracle\Java\java8path;C:\Program Files (x86)\Common Files\Oracle\Java\javapath;C:\WINDOWS\system32;C:\WINDOWS;C:\WINDOWS\System32\Wbem;C:\WINDOWS\System32\WindowsPowerShell\v1.0\;C:\WINDOWS\System32\OpenSSH\;C:\Program Files (x86)\Java\jre1.8.0_341\bin;C:\Program Files\Java\jdk-19\bin;C:\Program Files\PuTTY\;C:\Program Files\HP\HP One Agent;C:\Program Files\Docker\Docker\resources\bin;C:\Program Files\Git\cmd;E:\nodejs\;C:\Program Files\GitHub CLI\;E:\Go\bin;C:\Program Files\Apache\Mavan\apache-maven-3.9.9\bin;C:\Users\month\AppData\Local\Programs\Python\Python310\Scripts\;C:\Users\month\AppData\Local\Programs\Python\Python310\;C:\Program Files (x86)\Common Files\Oracle\Java\javapath;C:\windows\system32;C:\windows;C:\windows\System32\Wbem;C:\windows\System32\WindowsPowerShell\v1.0\;C:\windows\System32\OpenSSH\;C:\Program Files\Git\cmd;C:\Program Files\nodejs\;C:\msys64\mingw64\bin;C:\Users\month\AppData\Local\Microsoft\WindowsApps;C:\Python34\Scripts;E:\Microsoft VS Code\Microsoft VS Code\bin;C:\Users\month\$APPDATA\npm;C:\FFmpeg\bin;C:\Users\month\AppData\Local\Microsoft\WindowsApps;C:\Users\month\AppData\Local\Coursier\data\bin;E:\mongosh\;C:\Users\month\AppData\Roaming\npm;C:\Users\month\go\bin;."/>
    <property name="java.vm.info" value="mixed mode, sharing"/>
    <property name="stderr.encoding" value="Cp1252"/>
    <property name="java.vendor" value="Oracle Corporation"/>
    <property name="java.vm.version" value="19.0.1+10-21"/>
    <property name="sun.io.unicode.encoding" value="UnicodeLittle"/>
    <property name="java.class.version" value="63.0"/>
  </properties>
  <testcase name="Successfully update personal information" classname="Edit Personal Information" time="8.744">
    <system-out><![CDATA[
Scenario: Successfully update personal information     &amp#27;[90m# src/test/resources/buddyrental_testing/user_edit_profile.feature:6&amp#27;[0m
accessToken:eyJhbGciOiJIUzI1NiIsInR5cCI6IkpXVCJ9.eyJzdWIiOiI1NDAwMzIyMS1hMTYxLTQ3MDItOWY3NC0xYjllNzUyZTAxNmQiLCJlbWFpbCI6ImpvaG4uZG9lQGV4YW1wbGUuY29tIiwiaWF0IjoxNzQwMDY4Njk0LCJleHAiOjE3NDAzMjc4OTR9.KwTkucm-o3h1ozCCNTtnMfUbuWwIbssajM9H8k9u1NQ
  &amp#27;[32mGiven &amp#27;[0m&amp#27;[32mthe user is logged in for profile update&amp#27;[0m       &amp#27;[90m# buddyrental_testing.UserEditProfileSD.userIsLoggedIn()&amp#27;[0m
response:
  &amp#27;[32mWhen &amp#27;[0m&amp#27;[32mthe user submits the updated details&amp#27;[0m            &amp#27;[90m# buddyrental_testing.UserEditProfileSD.updateUserDetails()&amp#27;[0m
  &amp#27;[32mThen &amp#27;[0m&amp#27;[32mensure the information is validated and updated&amp#27;[0m &amp#27;[90m# buddyrental_testing.UserEditProfileSD.verifyInformationUpdated()&amp#27;[0m
]]></system-out>
  </testcase>
  <testcase name="Successful customer login" classname="User Login" time="2.537">
    <system-out><![CDATA[
Scenario: Successful customer login           &amp#27;[90m# src/test/resources/buddyrental_testing/user_login.feature:6&amp#27;[0m
  &amp#27;[32mGiven &amp#27;[0m&amp#27;[32mthe login email and password is valid&amp#27;[0m &amp#27;[90m# buddyrental_testing.UserLoginSD.validLoginCredentials()&amp#27;[0m
  &amp#27;[32mAnd &amp#27;[0m&amp#27;[32mthe customer is not logged in&amp#27;[0m           &amp#27;[90m# buddyrental_testing.UserLoginSD.customerNotLoggedIn()&amp#27;[0m
  &amp#27;[32mWhen &amp#27;[0m&amp#27;[32mthe customer logs in to the system&amp#27;[0m     &amp#27;[90m# buddyrental_testing.UserLoginSD.loginUser()&amp#27;[0m
  &amp#27;[32mThen &amp#27;[0m&amp#27;[32mensure the customer is logged in&amp#27;[0m       &amp#27;[90m# buddyrental_testing.UserLoginSD.verifyCustomerLoggedIn()&amp#27;[0m
]]></system-out>
  </testcase>
  <testcase name="Successful logout" classname="User Logout" time="3.037">
    <system-out><![CDATA[
Scenario: Successful logout                    &amp#27;[90m# src/test/resources/buddyrental_testing/user_logout.feature:3&amp#27;[0m
accessToken:eyJhbGciOiJIUzI1NiIsInR5cCI6IkpXVCJ9.eyJzdWIiOiI1NDAwMzIyMS1hMTYxLTQ3MDItOWY3NC0xYjllNzUyZTAxNmQiLCJlbWFpbCI6ImpvaG4uZG9lQGV4YW1wbGUuY29tIiwiaWF0IjoxNzQwMDY4NzAyLCJleHAiOjE3NDAzMjc5MDJ9.z5800wdGOybOpERhoSXHNpQVMKWY_whteYbRpmdXaKw
  &amp#27;[32mGiven &amp#27;[0m&amp#27;[32mthe user is logged in&amp#27;[0m                  &amp#27;[90m# buddyrental_testing.UserLogoutSD.theUserIsLoggedIn()&amp#27;[0m
  &amp#27;[32mAnd &amp#27;[0m&amp#27;[32mthe user has a valid JWT token&amp#27;[0m           &amp#27;[90m# buddyrental_testing.UserLogoutSD.userHasValidJWTToken()&amp#27;[0m
  &amp#27;[32mWhen &amp#27;[0m&amp#27;[32mthe user logs out by removing the token&amp#27;[0m &amp#27;[90m# buddyrental_testing.UserLogoutSD.theUserLogsOutByRemovingToken()&amp#27;[0m
  &amp#27;[32mAnd &amp#27;[0m&amp#27;[32mthe JWT token should be invalidated&amp#27;[0m      &amp#27;[90m# buddyrental_testing.UserLogoutSD.jwtTokenShouldBeInvalidated()&amp#27;[0m
  &amp#27;[32mAnd &amp#27;[0m&amp#27;[32mthe session should be removed&amp#27;[0m            &amp#27;[90m# buddyrental_testing.UserLogoutSD.sessionShouldBeRemoved()&amp#27;[0m
]]></system-out>
  </testcase>
  <testcase name="Successful customer registration" classname="Register as a Customer" time="2.798">
    <system-out><![CDATA[
@UserReg
Scenario: Successful customer registration                             &amp#27;[90m# src/test/resources/buddyrental_testing/user_reg.feature:7&amp#27;[0m
  &amp#27;[32mGiven &amp#27;[0m&amp#27;[32mthe information is valid and not linked to an existing account&amp#27;[0m &amp#27;[90m# buddyrental_testing.UserRegSD.validUserInformation()&amp#27;[0m
Response Body: {"success":true,"message":"User registered successfully"}
  &amp#27;[32mWhen &amp#27;[0m&amp#27;[32mthe customer registers to the system for UserReg&amp#27;[0m                &amp#27;[90m# buddyrental_testing.UserRegSD.registerCustomer()&amp#27;[0m
  &amp#27;[32mThen &amp#27;[0m&amp#27;[32mensure an user account is created&amp#27;[0m                               &amp#27;[90m# buddyrental_testing.UserRegSD.verifyAccountCreation()&amp#27;[0m
]]></system-out>
  </testcase>
</testsuite>